Arguments: 
  /usr/local/bin/node /Users/macbook/.npm-global/bin/yarn

PATH: 
  /Applications/CMake.app/Contents/bin:/Users/macbook/.cargo/bin:/Users/macbook/.npm-global/bin:/Users/macbook/Downloads/flutter/bin:/usr/local/mysql/bin:/Library/Frameworks/Python.framework/Versions/3.6/bin:/Users/macbook/.cargo/bin:/usr/bin:/bin:/usr/sbin:/sbin:/usr/local/bin:/Users/macbook/Downloads/flutter/bin:/usr/local/mysql/bin:/usr/local/go/bin:/usr/local/aria2/bin:/Users/macbook/maven/bin

Yarn version: 
  1.17.3

Node version: 
  10.16.0

Platform: 
  darwin x64

Trace: 
  Error: EACCES: permission denied, unlink '/Users/macbook/WeChatProjects/rpz_wxapp/node_modules/lin-ui/LICENSE'

npm manifest: 
  {
    "name": "rpz_wxapp",
    "version": "1.0.0",
    "description": "Rpz Weixin miniapp.",
    "main": "app.js",
    "scripts": {
      "test": "echo \"Error: no test specified\" && exit 1"
    },
    "author": "Shenqingchuan",
    "license": "ISC",
    "dependencies": {
      "lin-ui": "^0.6.2"
    }
  }

yarn manifest: 
  No manifest

Lockfile: 
  No lockfile
